[INFO] Scanning for projects...
[INFO] 
[INFO] -------------------< org.rupasinghe:fineract-pawner >-------------------
[INFO] Building Rupasinghe Core Stack 0.0.1-SNAPSHOT
[INFO]   from pom.xml
[INFO] --------------------------------[ jar ]---------------------------------
[INFO] 
[INFO] --- clean:3.3.2:clean (default-clean) @ fineract-pawner ---
[INFO] Deleting C:\Users\Aurum\MIFOS\backend_java\target
[INFO] 
[INFO] >>> spring-boot:3.2.3:run (default-cli) > test-compile @ fineract-pawner >>>
[INFO] 
[INFO] --- resources:3.3.1:resources (default-resources) @ fineract-pawner ---
[INFO] Copying 1 resource from src\main\resources to target\classes
[INFO] Copying 1 resource from src\main\resources to target\classes
[INFO] 
[INFO] --- compiler:3.11.0:compile (default-compile) @ fineract-pawner ---
[INFO] Changes detected - recompiling the module! :source
[INFO] Compiling 16 source files with javac [debug release 17] to target\classes
[INFO] /C:/Users/Aurum/MIFOS/backend_java/src/main/java/org/rupasinghe/accounting/gl/JournalEntryController.java: C:\Users\Aurum\MIFOS\backend_java\src\main\java\org\rupasinghe\accounting\gl\JournalEntryController.java uses unchecked or unsafe operations.
[INFO] /C:/Users/Aurum/MIFOS/backend_java/src/main/java/org/rupasinghe/accounting/gl/JournalEntryController.java: Recompile with -Xlint:unchecked for details.
[INFO] 
[INFO] --- resources:3.3.1:testResources (default-testResources) @ fineract-pawner ---
[INFO] skip non existing resourceDirectory C:\Users\Aurum\MIFOS\backend_java\src\test\resources
[INFO] 
[INFO] --- compiler:3.11.0:testCompile (default-testCompile) @ fineract-pawner ---
[INFO] No sources to compile
[INFO] 
[INFO] <<< spring-boot:3.2.3:run (default-cli) < test-compile @ fineract-pawner <<<
[INFO] 
[INFO] 
[INFO] --- spring-boot:3.2.3:run (default-cli) @ fineract-pawner ---
[INFO] Attaching agents: []

  .   ____          _            __ _ _
 /\\ / ___'_ __ _ _(_)_ __  __ _ \ \ \ \
( ( )\___ | '_ | '_| | '_ \/ _` | \ \ \ \
 \\/  ___)| |_)| | | | | || (_| |  ) ) ) )
  '  |____| .__|_| |_|_| |_\__, | / / / /
 =========|_|==============|___/=/_/_/_/
 :: Spring Boot ::                (v3.2.3)

2026-04-06T17:45:41.970+05:30  INFO 14284 --- [rupasinghe-fineract-clone] [           main] org.rupasinghe.RupasingheApplication     : Starting RupasingheApplication using Java 17.0.9 with PID 14284 (C:\Users\Aurum\MIFOS\backend_java\target\classes started by Aurum in C:\Users\Aurum\MIFOS\backend_java)
2026-04-06T17:45:41.974+05:30  INFO 14284 --- [rupasinghe-fineract-clone] [           main] org.rupasinghe.RupasingheApplication     : No active profile set, falling back to 1 default profile: "default"
2026-04-06T17:45:43.335+05:30  INFO 14284 --- [rupasinghe-fineract-clone] [           main] o.s.b.w.embedded.tomcat.TomcatWebServer  : Tomcat initialized with port 8080 (http)
2026-04-06T17:45:43.351+05:30  INFO 14284 --- [rupasinghe-fineract-clone] [           main] o.apache.catalina.core.StandardService   : Starting service [Tomcat]
2026-04-06T17:45:43.351+05:30  INFO 14284 --- [rupasinghe-fineract-clone] [           main] o.apache.catalina.core.StandardEngine    : Starting Servlet engine: [Apache Tomcat/10.1.19]
2026-04-06T17:45:43.437+05:30  INFO 14284 --- [rupasinghe-fineract-clone] [           main] o.a.c.c.C.[Tomcat].[localhost].[/]       : Initializing Spring embedded WebApplicationContext
2026-04-06T17:45:43.437+05:30  INFO 14284 --- [rupasinghe-fineract-clone] [           main] w.s.c.ServletWebServerApplicationContext : Root WebApplicationContext: initialization completed in 1383 ms

? SUCCESS: Firebase Admin SDK Connected to project: finance-d31ff
2026-04-06T17:45:43.999+05:30  WARN 14284 --- [rupasinghe-fineract-clone] [           main] ConfigServletWebServerApplicationContext : Exception encountered during context initialization - cancelling refresh attempt: org.springframework.context.ApplicationContextException: Failed to start bean 'webServerStartStop'
2026-04-06T17:45:44.032+05:30  INFO 14284 --- [rupasinghe-fineract-clone] [           main] .s.b.a.l.ConditionEvaluationReportLogger : 

Error starting ApplicationContext. To display the condition evaluation report re-run your application with 'debug' enabled.
2026-04-06T17:45:44.057+05:30 ERROR 14284 --- [rupasinghe-fineract-clone] [           main] o.s.b.d.LoggingFailureAnalysisReporter   : 

***************************
APPLICATION FAILED TO START
***************************

Description:

Web server failed to start. Port 8080 was already in use.

Action:

Identify and stop the process that's listening on port 8080 or configure this application to listen on another port.

? Seeded: admin@rupasinghe.com  ?  HeadOffice@2024
? Seeded: branch.brl@rupasinghe.com  ?  Borella123
? Seeded: branch.kot@rupasinghe.com  ?  Kotikawatta123
? Seeded: branch.dmt@rupasinghe.com  ?  Dematagoda123
? Seeded: branch.wat@rupasinghe.com  ?  Wattala123
? Seeded: branch.kir@rupasinghe.com  ?  Kiribathgoda123
? Seeded: branch.kdw@rupasinghe.com  ?  Kadawatha123
? Seeded: branch.dhw@rupasinghe.com  ?  Dehiwala123
? Seeded: branch.pnd@rupasinghe.com  ?  Panadura123
? Seeded: branch.ktw@rupasinghe.com  ?  Kottawa123
? Seeded: branch.hmg@rupasinghe.com  ?  Homagama123

? ALL 11 BRANCH ACCOUNTS READY IN FIRESTORE!

[INFO] ------------------------------------------------------------------------
[INFO] BUILD FAILURE
[INFO] ------------------------------------------------------------------------
[INFO] Total time:  33.975 s
[INFO] Finished at: 2026-04-06T17:46:00+05:30
[INFO] ------------------------------------------------------------------------
[ERROR] Failed to execute goal org.springframework.boot:spring-boot-maven-plugin:3.2.3:run (default-cli) on project fineract-pawner: Process terminated with exit code: 1 -> [Help 1]
[ERROR] 
[ERROR] To see the full stack trace of the errors, re-run Maven with the -e switch.
[ERROR] Re-run Maven using the -X switch to enable full debug logging.
[ERROR] 
[ERROR] For more information about the errors and possible solutions, please read the following articles:
[ERROR] [Help 1] http://cwiki.apache.org/confluence/display/MAVEN/MojoExecutionException
